<?xml version="1.0" encoding="UTF-8"?>
<!-- Generated by org.testng.reporters.JUnitXMLReporter -->
<testsuite hostname="Clover-pc25" ignored="0" name="Test2" tests="1" failures="0" timestamp="01 Jan 2018 08:35:13 GMT" time="0.006" errors="0">
  <testcase name="@BeforeClass test" time="0.0" classname="pack1.Browser">
    <failure type="org.testng.TestNGException" message="
Can inject only one of &amp;lt;ITestContext, XmlTest&amp;gt; into a BeforeClass annotated test.
For more information on native dependency injection please refer to http://testng.org/doc/documentation-main.html#native-dependency-injection">
      <![CDATA[org.testng.TestNGException: 
Can inject only one of <ITestContext, XmlTest> into a BeforeClass annotated test.
For more information on native dependency injection please refer to http://testng.org/doc/documentation-main.html#native-dependency-injection
... Removed 23 stack frames]]>
    </failure>
  </testcase> <!-- @BeforeClass test -->
  <testcase name="start" time="0.0" classname="pack1.Browser">
    <skipped/>
  </testcase> <!-- start -->
</testsuite> <!-- Test2 -->
