<?xml version="1.0" encoding="UTF-8"?>
<testng-results skipped="0" failed="0" ignored="0" total="1" passed="1">
  <reporter-output>
  </reporter-output>
  <suite name="Default suite" duration-ms="39757" started-at="2017-05-19T05:22:49Z" finished-at="2017-05-19T05:23:28Z">
    <groups>
    </groups>
    <test name="Default test" duration-ms="39757" started-at="2017-05-19T05:22:49Z" finished-at="2017-05-19T05:23:28Z">
      <class name="seleniumVideo.VideoRecording">
        <test-method status="PASS" signature="bef()[pri:0, instance:seleniumVideo.VideoRecording@5f375618]" name="bef" is-config="true" duration-ms="21497" started-at="2017-05-19T10:52:49Z" finished-at="2017-05-19T10:53:10Z">
          <reporter-output>
          </reporter-output>
        </test-method> <!-- bef -->
        <test-method status="PASS" signature="ts()[pri:0, instance:seleniumVideo.VideoRecording@5f375618]" name="ts" duration-ms="14313" started-at="2017-05-19T10:53:10Z" finished-at="2017-05-19T10:53:25Z">
          <reporter-output>
          </reporter-output>
        </test-method> <!-- ts -->
        <test-method status="PASS" signature="aft()[pri:0, instance:seleniumVideo.VideoRecording@5f375618]" name="aft" is-config="true" duration-ms="3929" started-at="2017-05-19T10:53:25Z" finished-at="2017-05-19T10:53:28Z">
          <reporter-output>
          </reporter-output>
        </test-method> <!-- aft -->
      </class> <!-- seleniumVideo.VideoRecording -->
    </test> <!-- Default test -->
  </suite> <!-- Default suite -->
</testng-results>
