<?xml version="1.0" encoding="UTF-8"?>
<testng-results skipped="0" failed="0" ignored="0" total="1" passed="1">
  <reporter-output>
  </reporter-output>
  <suite name="Default suite" duration-ms="12157" started-at="2019-01-31T12:29:05Z" finished-at="2019-01-31T12:29:17Z">
    <groups>
    </groups>
    <test name="Default test" duration-ms="12157" started-at="2019-01-31T12:29:05Z" finished-at="2019-01-31T12:29:17Z">
      <class name="example.NewTest">
        <test-method status="PASS" signature="beforeTest()[pri:0, instance:example.NewTest@56ef9176]" name="beforeTest" is-config="true" duration-ms="4012" started-at="2019-01-31T12:29:05Z" finished-at="2019-01-31T12:29:09Z">
          <reporter-output>
          </reporter-output>
        </test-method> <!-- beforeTest -->
        <test-method status="PASS" signature="testEasy()[pri:0, instance:example.NewTest@56ef9176]" name="testEasy" duration-ms="7400" started-at="2019-01-31T12:29:09Z" finished-at="2019-01-31T12:29:17Z">
          <reporter-output>
          </reporter-output>
        </test-method> <!-- testEasy -->
        <test-method status="PASS" signature="afterTest()[pri:0, instance:example.NewTest@56ef9176]" name="afterTest" is-config="true" duration-ms="734" started-at="2019-01-31T12:29:17Z" finished-at="2019-01-31T12:29:17Z">
          <reporter-output>
          </reporter-output>
        </test-method> <!-- afterTest -->
      </class> <!-- example.NewTest -->
    </test> <!-- Default test -->
  </suite> <!-- Default suite -->
</testng-results>
